#
# A fatal error has been detected by the Java Runtime Environment:
#
#  Internal Error (javaClasses.cpp:129), pid=3889, tid=140245203224320
#  fatal error: Invalid layout of preloaded class
#
# JRE version: 7.0_21-b02
# Java VM: OpenJDK 64-Bit Server VM (23.7-b01 mixed mode linux-amd64 compressed oops)
# Failed to write core dump. Core dumps have been disabled. To enable core dumping, try "ulimit -c unlimited" before starting Java again
#
# If you would like to submit a bug report, please include
# instructions on how to reproduce the bug and visit:
#   https://bugs.launchpad.net/ubuntu/+source/openjdk-7/
#

---------------  T H R E A D  ---------------

Current thread (0x00007f8d58009000):  JavaThread "Unknown thread" [_thread_in_vm, id=3890, stack(0x00007f8d61750000,0x00007f8d61851000)]

Stack: [0x00007f8d61750000,0x00007f8d61851000],  sp=0x00007f8d6184f9a0,  free space=1022k
Native frames: (J=compiled Java code, j=interpreted, Vv=VM code, C=native code)
V  [libjvm.so+0x8573eb]  VMError::report_and_die()+0x16b
V  [libjvm.so+0x3ee237]  report_fatal(char const*, int, char const*)+0x57
V  [libjvm.so+0x52b8aa]  compute_offset(int&, klassOopDesc*, Symbol*, Symbol*, bool) [clone .constprop.122]+0x11a
V  [libjvm.so+0x52bb16]  java_lang_String::compute_offsets()+0x36
V  [libjvm.so+0x7e4aed]  SystemDictionary::initialize_preloaded_classes(Thread*)+0x3d
V  [libjvm.so+0x831c68]  Universe::genesis(Thread*)+0x468
V  [libjvm.so+0x83211f]  universe2_init()+0x1f
V  [libjvm.so+0x4e044a]  init_globals()+0x9a
V  [libjvm.so+0x8154fc]  Threads::create_vm(JavaVMInitArgs*, bool*)+0x39c
V  [libjvm.so+0x547df8]  JNI_CreateJavaVM+0x58
C  [libjli.so+0x2b34]  __strcat_chk+0x2b34


---------------  P R O C E S S  ---------------

Java Threads: ( => current thread )

Other Threads:

=>0x00007f8d58009000 (exited) JavaThread "Unknown thread" [_thread_in_vm, id=3890, stack(0x00007f8d61750000,0x00007f8d61851000)]

VM state:not at safepoint (not fully initialized)

VM Mutex/Monitor currently owned by a thread: None

GC Heap History (0 events):
No events

Deoptimization events (0 events):
No events

Internal exceptions (0 events):
No events

Events (10 events):
Event: 0.015 loading class 0x00007f8d58027230 done
Event: 0.015 loading class 0x00007f8d58026ad0 done
Event: 0.015 loading class 0x00007f8d58026aa0
Event: 0.015 loading class 0x00007f8d58051cb0
Event: 0.015 loading class 0x00007f8d58051cb0 done
Event: 0.015 loading class 0x00007f8d58051cf0
Event: 0.015 loading class 0x00007f8d58051cf0 done
Event: 0.015 loading class 0x00007f8d58051d30
Event: 0.015 loading class 0x00007f8d58051d30 done
Event: 0.016 loading class 0x00007f8d58026aa0 done


Dynamic libraries:
00400000-00401000 r-xp 00000000 08:01 2491642                            /usr/lib/jvm/java-7-openjdk-amd64/jre/bin/java
00600000-00601000 r--p 00000000 08:01 2491642                            /usr/lib/jvm/java-7-openjdk-amd64/jre/bin/java
00601000-00602000 rw-p 00001000 08:01 2491642                            /usr/lib/jvm/java-7-openjdk-amd64/jre/bin/java
006b3000-006d4000 rw-p 00000000 00:00 0                                  [heap]
b7e00000-b92c0000 rw-p 00000000 00:00 0 
b92c0000-c2400000 rw-p 00000000 00:00 0 
c2400000-c4d20000 rw-p 00000000 00:00 0 
c4d20000-eb6b0000 rw-p 00000000 00:00 0 
eb6b0000-ecb40000 rw-p 00000000 00:00 0 
ecb40000-100000000 rw-p 00000000 00:00 0 
7f8d44000000-7f8d44021000 rw-p 00000000 00:00 0 
7f8d44021000-7f8d48000000 ---p 00000000 00:00 0 
7f8d4c000000-7f8d4c021000 rw-p 00000000 00:00 0 
7f8d4c021000-7f8d50000000 ---p 00000000 00:00 0 
7f8d52bf0000-7f8d55000000 rw-p 00000000 00:00 0 
7f8d55000000-7f8d55270000 rwxp 00000000 00:00 0 
7f8d55270000-7f8d5805c000 rw-p 00000000 00:00 0 
7f8d5805c000-7f8d5c000000 ---p 00000000 00:00 0 
7f8d5d2c0000-7f8d5d501000 rw-p 00000000 00:00 0 
7f8d5d501000-7f8d5d5c7000 r--s 0116f000 08:01 5782988                    /home/tomique/Development/android-sdk-linux/platforms/android-17/android.jar
7f8d5d5c7000-7f8d5def3000 rw-p 00000000 00:00 0 
7f8d5def3000-7f8d5def4000 ---p 00000000 00:00 0 
7f8d5def4000-7f8d5dff4000 rw-p 00000000 00:00 0                          [stack:3895]
7f8d5dff4000-7f8d5dff5000 ---p 00000000 00:00 0 
7f8d5dff5000-7f8d5e100000 rw-p 00000000 00:00 0                          [stack:3893]
7f8d5e100000-7f8d5e148000 rw-p 00000000 00:00 0 
7f8d5e148000-7f8d5e15d000 rw-p 00000000 00:00 0 
7f8d5e15d000-7f8d5e292000 rw-p 00000000 00:00 0 
7f8d5e292000-7f8d5e29d000 rw-p 00000000 00:00 0 
7f8d5e29d000-7f8d5e2e5000 rw-p 00000000 00:00 0 
7f8d5e2e5000-7f8d5e2fa000 rw-p 00000000 00:00 0 
7f8d5e2fa000-7f8d5e42e000 rw-p 00000000 00:00 0 
7f8d5e42e000-7f8d5e439000 rw-p 00000000 00:00 0 
7f8d5e439000-7f8d5e4d3000 rw-p 00000000 00:00 0 
7f8d5e4d3000-7f8d5e4d4000 rw-p 00000000 00:00 0 
7f8d5e4d4000-7f8d5e4dc000 r-xp 00000000 08:01 2491640                    /usr/lib/jvm/java-7-openjdk-amd64/jre/lib/amd64/libzip.so
7f8d5e4dc000-7f8d5e6db000 ---p 00008000 08:01 2491640                    /usr/lib/jvm/java-7-openjdk-amd64/jre/lib/amd64/libzip.so
7f8d5e6db000-7f8d5e6dc000 r--p 00007000 08:01 2491640                    /usr/lib/jvm/java-7-openjdk-amd64/jre/lib/amd64/libzip.so
7f8d5e6dc000-7f8d5e6dd000 rw-p 00008000 08:01 2491640                    /usr/lib/jvm/java-7-openjdk-amd64/jre/lib/amd64/libzip.so
7f8d5e6dd000-7f8d5e6e9000 r-xp 00000000 08:01 3018447                    /lib/x86_64-linux-gnu/libnss_files-2.17.so
7f8d5e6e9000-7f8d5e8e8000 ---p 0000c000 08:01 3018447                    /lib/x86_64-linux-gnu/libnss_files-2.17.so
7f8d5e8e8000-7f8d5e8e9000 r--p 0000b000 08:01 3018447                    /lib/x86_64-linux-gnu/libnss_files-2.17.so
7f8d5e8e9000-7f8d5e8ea000 rw-p 0000c000 08:01 3018447                    /lib/x86_64-linux-gnu/libnss_files-2.17.so
7f8d5e8ea000-7f8d5e8f5000 r-xp 00000000 08:01 3018451                    /lib/x86_64-linux-gnu/libnss_nis-2.17.so
7f8d5e8f5000-7f8d5eaf4000 ---p 0000b000 08:01 3018451                    /lib/x86_64-linux-gnu/libnss_nis-2.17.so
7f8d5eaf4000-7f8d5eaf5000 r--p 0000a000 08:01 3018451                    /lib/x86_64-linux-gnu/libnss_nis-2.17.so
7f8d5eaf5000-7f8d5eaf6000 rw-p 0000b000 08:01 3018451                    /lib/x86_64-linux-gnu/libnss_nis-2.17.so
7f8d5eaf6000-7f8d5eb0d000 r-xp 00000000 08:01 3018441                    /lib/x86_64-linux-gnu/libnsl-2.17.so
7f8d5eb0d000-7f8d5ed0c000 ---p 00017000 08:01 3018441                    /lib/x86_64-linux-gnu/libnsl-2.17.so
7f8d5ed0c000-7f8d5ed0d000 r--p 00016000 08:01 3018441                    /lib/x86_64-linux-gnu/libnsl-2.17.so
7f8d5ed0d000-7f8d5ed0e000 rw-p 00017000 08:01 3018441                    /lib/x86_64-linux-gnu/libnsl-2.17.so
7f8d5ed0e000-7f8d5ed10000 rw-p 00000000 00:00 0 
7f8d5ed10000-7f8d5ed18000 r-xp 00000000 08:01 3018443                    /lib/x86_64-linux-gnu/libnss_compat-2.17.so
7f8d5ed18000-7f8d5ef17000 ---p 00008000 08:01 3018443                    /lib/x86_64-linux-gnu/libnss_compat-2.17.so
7f8d5ef17000-7f8d5ef18000 r--p 00007000 08:01 3018443                    /lib/x86_64-linux-gnu/libnss_compat-2.17.so
7f8d5ef18000-7f8d5ef19000 rw-p 00008000 08:01 3018443                    /lib/x86_64-linux-gnu/libnss_compat-2.17.so
7f8d5ef19000-7f8d5ef44000 r-xp 00000000 08:01 2491624                    /usr/lib/jvm/java-7-openjdk-amd64/jre/lib/amd64/libjava.so
7f8d5ef44000-7f8d5f143000 ---p 0002b000 08:01 2491624                    /usr/lib/jvm/java-7-openjdk-amd64/jre/lib/amd64/libjava.so
7f8d5f143000-7f8d5f144000 r--p 0002a000 08:01 2491624                    /usr/lib/jvm/java-7-openjdk-amd64/jre/lib/amd64/libjava.so
7f8d5f144000-7f8d5f146000 rw-p 0002b000 08:01 2491624                    /usr/lib/jvm/java-7-openjdk-amd64/jre/lib/amd64/libjava.so
7f8d5f146000-7f8d5f155000 r-xp 00000000 08:01 2491623                    /usr/lib/jvm/java-7-openjdk-amd64/jre/lib/amd64/libverify.so
7f8d5f155000-7f8d5f354000 ---p 0000f000 08:01 2491623                    /usr/lib/jvm/java-7-openjdk-amd64/jre/lib/amd64/libverify.so
7f8d5f354000-7f8d5f356000 r--p 0000e000 08:01 2491623                    /usr/lib/jvm/java-7-openjdk-amd64/jre/lib/amd64/libverify.so
7f8d5f356000-7f8d5f357000 rw-p 00010000 08:01 2491623                    /usr/lib/jvm/java-7-openjdk-amd64/jre/lib/amd64/libverify.so
7f8d5f357000-7f8d5f35e000 r-xp 00000000 08:01 3018494                    /lib/x86_64-linux-gnu/librt-2.17.so
7f8d5f35e000-7f8d5f55d000 ---p 00007000 08:01 3018494                    /lib/x86_64-linux-gnu/librt-2.17.so
7f8d5f55d000-7f8d5f55e000 r--p 00006000 08:01 3018494                    /lib/x86_64-linux-gnu/librt-2.17.so
7f8d5f55e000-7f8d5f55f000 rw-p 00007000 08:01 3018494                    /lib/x86_64-linux-gnu/librt-2.17.so
7f8d5f55f000-7f8d5f573000 r-xp 00000000 08:01 3018399                    /lib/x86_64-linux-gnu/libgcc_s.so.1
7f8d5f573000-7f8d5f773000 ---p 00014000 08:01 3018399                    /lib/x86_64-linux-gnu/libgcc_s.so.1
7f8d5f773000-7f8d5f774000 r--p 00014000 08:01 3018399                    /lib/x86_64-linux-gnu/libgcc_s.so.1
7f8d5f774000-7f8d5f775000 rw-p 00015000 08:01 3018399                    /lib/x86_64-linux-gnu/libgcc_s.so.1
7f8d5f775000-7f8d5f878000 r-xp 00000000 08:01 3018422                    /lib/x86_64-linux-gnu/libm-2.17.so
7f8d5f878000-7f8d5fa78000 ---p 00103000 08:01 3018422                    /lib/x86_64-linux-gnu/libm-2.17.so
7f8d5fa78000-7f8d5fa79000 r--p 00103000 08:01 3018422                    /lib/x86_64-linux-gnu/libm-2.17.so
7f8d5fa79000-7f8d5fa7a000 rw-p 00104000 08:01 3018422                    /lib/x86_64-linux-gnu/libm-2.17.so
7f8d5fa7a000-7f8d5fb5f000 r-xp 00000000 08:01 663354                     /usr/lib/x86_64-linux-gnu/libstdc++.so.6.0.17
7f8d5fb5f000-7f8d5fd5e000 ---p 000e5000 08:01 663354                     /usr/lib/x86_64-linux-gnu/libstdc++.so.6.0.17
7f8d5fd5e000-7f8d5fd66000 r--p 000e4000 08:01 663354                     /usr/lib/x86_64-linux-gnu/libstdc++.so.6.0.17
7f8d5fd66000-7f8d5fd68000 rw-p 000ec000 08:01 663354                     /usr/lib/x86_64-linux-gnu/libstdc++.so.6.0.17
7f8d5fd68000-7f8d5fd7d000 rw-p 00000000 00:00 0 
7f8d5fd7d000-7f8d60778000 r-xp 00000000 08:01 2491629                    /usr/lib/jvm/java-7-openjdk-amd64/jre/lib/amd64/server/libjvm.so
7f8d60778000-7f8d60977000 ---p 009fb000 08:01 2491629                    /usr/lib/jvm/java-7-openjdk-amd64/jre/lib/amd64/server/libjvm.so
7f8d60977000-7f8d609f6000 r--p 009fa000 08:01 2491629                    /usr/lib/jvm/java-7-openjdk-amd64/jre/lib/amd64/server/libjvm.so
7f8d609f6000-7f8d60a19000 rw-p 00a79000 08:01 2491629                    /usr/lib/jvm/java-7-openjdk-amd64/jre/lib/amd64/server/libjvm.so
7f8d60a19000-7f8d60a44000 rw-p 00000000 00:00 0 
7f8d60a44000-7f8d60a5a000 r-xp 00000000 08:01 3018527                    /lib/x86_64-linux-gnu/libz.so.1.2.7
7f8d60a5a000-7f8d60c59000 ---p 00016000 08:01 3018527                    /lib/x86_64-linux-gnu/libz.so.1.2.7
7f8d60c59000-7f8d60c5a000 r--p 00015000 08:01 3018527                    /lib/x86_64-linux-gnu/libz.so.1.2.7
7f8d60c5a000-7f8d60c5b000 rw-p 00016000 08:01 3018527                    /lib/x86_64-linux-gnu/libz.so.1.2.7
7f8d60c5b000-7f8d60c73000 r-xp 00000000 08:01 3018486                    /lib/x86_64-linux-gnu/libpthread-2.17.so
7f8d60c73000-7f8d60e72000 ---p 00018000 08:01 3018486                    /lib/x86_64-linux-gnu/libpthread-2.17.so
7f8d60e72000-7f8d60e73000 r--p 00017000 08:01 3018486                    /lib/x86_64-linux-gnu/libpthread-2.17.so
7f8d60e73000-7f8d60e74000 rw-p 00018000 08:01 3018486                    /lib/x86_64-linux-gnu/libpthread-2.17.so
7f8d60e74000-7f8d60e78000 rw-p 00000000 00:00 0 
7f8d60e78000-7f8d60e7b000 r-xp 00000000 08:01 3018389                    /lib/x86_64-linux-gnu/libdl-2.17.so
7f8d60e7b000-7f8d6107a000 ---p 00003000 08:01 3018389                    /lib/x86_64-linux-gnu/libdl-2.17.so
7f8d6107a000-7f8d6107b000 r--p 00002000 08:01 3018389                    /lib/x86_64-linux-gnu/libdl-2.17.so
7f8d6107b000-7f8d6107c000 rw-p 00003000 08:01 3018389                    /lib/x86_64-linux-gnu/libdl-2.17.so
7f8d6107c000-7f8d6123a000 r-xp 00000000 08:01 3018374                    /lib/x86_64-linux-gnu/libc-2.17.so
7f8d6123a000-7f8d61439000 ---p 001be000 08:01 3018374                    /lib/x86_64-linux-gnu/libc-2.17.so
7f8d61439000-7f8d6143d000 r--p 001bd000 08:01 3018374                    /lib/x86_64-linux-gnu/libc-2.17.so
7f8d6143d000-7f8d6143f000 rw-p 001c1000 08:01 3018374                    /lib/x86_64-linux-gnu/libc-2.17.so
7f8d6143f000-7f8d61444000 rw-p 00000000 00:00 0 
7f8d61444000-7f8d61451000 r-xp 00000000 08:01 2491606                    /usr/lib/jvm/java-7-openjdk-amd64/jre/lib/amd64/jli/libjli.so
7f8d61451000-7f8d61650000 ---p 0000d000 08:01 2491606                    /usr/lib/jvm/java-7-openjdk-amd64/jre/lib/amd64/jli/libjli.so
7f8d61650000-7f8d61651000 r--p 0000c000 08:01 2491606                    /usr/lib/jvm/java-7-openjdk-amd64/jre/lib/amd64/jli/libjli.so
7f8d61651000-7f8d61652000 rw-p 0000d000 08:01 2491606                    /usr/lib/jvm/java-7-openjdk-amd64/jre/lib/amd64/jli/libjli.so
7f8d61652000-7f8d61675000 r-xp 00000000 08:01 3018350                    /lib/x86_64-linux-gnu/ld-2.17.so
7f8d61690000-7f8d6169a000 rw-p 00000000 00:00 0 
7f8d6169a000-7f8d61750000 rw-p 00000000 00:00 0 
7f8d61750000-7f8d61753000 ---p 00000000 00:00 0 
7f8d61753000-7f8d61856000 rw-p 00000000 00:00 0                          [stack:3890]
7f8d61866000-7f8d61868000 rw-p 00000000 00:00 0 
7f8d61868000-7f8d61870000 rw-s 00000000 08:01 1705286                    /tmp/hsperfdata_tomique/3889
7f8d61870000-7f8d61871000 rw-p 00000000 00:00 0 
7f8d61871000-7f8d61872000 r--p 00000000 00:00 0 
7f8d61872000-7f8d61874000 rw-p 00000000 00:00 0 
7f8d61874000-7f8d61875000 r--p 00022000 08:01 3018350                    /lib/x86_64-linux-gnu/ld-2.17.so
7f8d61875000-7f8d61877000 rw-p 00023000 08:01 3018350                    /lib/x86_64-linux-gnu/ld-2.17.so
7fff430ed000-7fff4310e000 rw-p 00000000 00:00 0                          [stack]
7fff431f5000-7fff431f7000 r-xp 00000000 00:00 0                          [vdso]
ffffffffff600000-ffffffffff601000 r-xp 00000000 00:00 0                  [vsyscall]

VM Arguments:
jvm_args: -Dfile.encoding=UTF-8 -Xbootclasspath:/home/tomique/Development/android-sdk-linux/platforms/android-17/android.jar 
java_command: com.example.networking.AndroidClient
Launcher Type: SUN_STANDARD

Environment Variables:
PATH=/usr/lib/lightdm/lightdm:/usr/local/sbin:/usr/local/bin:/usr/sbin:/usr/bin:/sbin:/bin:/usr/games:/usr/local/games:/opt/android-sdk-linux/tools:/opt/android-sdk-linux/platform-tools
SHELL=/bin/bash
DISPLAY=:0

Signal Handlers:
SIGSEGV: [libjvm.so+0x857ed0], sa_mask[0]=0x7ffbfeff, sa_flags=0x10000004
SIGBUS: [libjvm.so+0x857ed0], sa_mask[0]=0x7ffbfeff, sa_flags=0x10000004
SIGFPE: [libjvm.so+0x6f8ab0], sa_mask[0]=0x7ffbfeff, sa_flags=0x10000004
SIGPIPE: [libjvm.so+0x6f8ab0], sa_mask[0]=0x7ffbfeff, sa_flags=0x10000004
SIGXFSZ: [libjvm.so+0x6f8ab0], sa_mask[0]=0x7ffbfeff, sa_flags=0x10000004
SIGILL: [libjvm.so+0x6f8ab0], sa_mask[0]=0x7ffbfeff, sa_flags=0x10000004
SIGUSR1: SIG_DFL, sa_mask[0]=0x00000000, sa_flags=0x00000000
SIGUSR2: [libjvm.so+0x6f8e80], sa_mask[0]=0x00000004, sa_flags=0x10000004
SIGHUP: SIG_DFL, sa_mask[0]=0x00000000, sa_flags=0x00000000
SIGINT: SIG_DFL, sa_mask[0]=0x00000000, sa_flags=0x00000000
SIGTERM: SIG_DFL, sa_mask[0]=0x00000000, sa_flags=0x00000000
SIGQUIT: SIG_DFL, sa_mask[0]=0x00000000, sa_flags=0x00000000


---------------  S Y S T E M  ---------------

OS:Ubuntu 13.04 (raring)
uname:Linux 3.8.0-25-generic #37-Ubuntu SMP Thu Jun 6 20:47:07 UTC 2013 x86_64
libc:glibc 2.17 NPTL 2.17 
rlimit: STACK 8192k, CORE 0k, NPROC 31410, NOFILE 4096, AS infinity
load average:0.47 0.57 0.46

/proc/meminfo:
MemTotal:        4039600 kB
MemFree:         1354428 kB
Buffers:           71492 kB
Cached:          1121560 kB
SwapCached:            0 kB
Active:          1541576 kB
Inactive:         971676 kB
Active(anon):    1321260 kB
Inactive(anon):   395892 kB
Active(file):     220316 kB
Inactive(file):   575784 kB
Unevictable:          64 kB
Mlocked:              64 kB
SwapTotal:       4183036 kB
SwapFree:        4183036 kB
Dirty:               132 kB
Writeback:             0 kB
AnonPages:       1320452 kB
Mapped:           232168 kB
Shmem:            396956 kB
Slab:              78128 kB
SReclaimable:      48948 kB
SUnreclaim:        29180 kB
KernelStack:        4480 kB
PageTables:        41604 kB
NFS_Unstable:          0 kB
Bounce:                0 kB
WritebackTmp:          0 kB
CommitLimit:     6202836 kB
Committed_AS:    5707108 kB
VmallocTotal:   34359738367 kB
VmallocUsed:      347632 kB
VmallocChunk:   34359386896 kB
HardwareCorrupted:     0 kB
AnonHugePages:         0 kB
HugePages_Total:       0
HugePages_Free:        0
HugePages_Rsvd:        0
HugePages_Surp:        0
Hugepagesize:       2048 kB
DirectMap4k:       41320 kB
DirectMap2M:     4143104 kB


CPU:total 2 (2 cores per cpu, 1 threads per core) family 6 model 15 stepping 10, cmov, cx8, fxsr, mmx, sse, sse2, sse3, ssse3, tsc

/proc/cpuinfo:
processor	: 0
vendor_id	: GenuineIntel
cpu family	: 6
model		: 15
model name	: Intel(R) Core(TM)2 Duo CPU     T7300  @ 2.00GHz
stepping	: 10
microcode	: 0x92
cpu MHz		: 2001.000
cache size	: 4096 KB
physical id	: 0
siblings	: 2
core id		: 0
cpu cores	: 2
apicid		: 0
initial apicid	: 0
fpu		: yes
fpu_exception	: yes
cpuid level	: 10
wp		: yes
flags		: fpu vme de pse tsc msr pae mce cx8 apic sep mtrr pge mca cmov pat pse36 clflush dts acpi mmx fxsr sse sse2 ss ht tm pbe syscall nx lm constant_tsc arch_perfmon pebs bts rep_good nopl aperfmperf pni dtes64 monitor ds_cpl vmx est tm2 ssse3 cx16 xtpr pdcm lahf_lm ida dtherm tpr_shadow vnmi flexpriority
bogomips	: 3988.92
clflush size	: 64
cache_alignment	: 64
address sizes	: 36 bits physical, 48 bits virtual
power management:

processor	: 1
vendor_id	: GenuineIntel
cpu family	: 6
model		: 15
model name	: Intel(R) Core(TM)2 Duo CPU     T7300  @ 2.00GHz
stepping	: 10
microcode	: 0x92
cpu MHz		: 2001.000
cache size	: 4096 KB
physical id	: 0
siblings	: 2
core id		: 1
cpu cores	: 2
apicid		: 1
initial apicid	: 1
fpu		: yes
fpu_exception	: yes
cpuid level	: 10
wp		: yes
flags		: fpu vme de pse tsc msr pae mce cx8 apic sep mtrr pge mca cmov pat pse36 clflush dts acpi mmx fxsr sse sse2 ss ht tm pbe syscall nx lm constant_tsc arch_perfmon pebs bts rep_good nopl aperfmperf pni dtes64 monitor ds_cpl vmx est tm2 ssse3 cx16 xtpr pdcm lahf_lm ida dtherm tpr_shadow vnmi flexpriority
bogomips	: 3988.92
clflush size	: 64
cache_alignment	: 64
address sizes	: 36 bits physical, 48 bits virtual
power management:



Memory: 4k page, physical 4039600k(1354428k free), swap 4183036k(4183036k free)

vm_info: OpenJDK 64-Bit Server VM (23.7-b01) for linux-amd64 JRE (1.7.0_21-b02), built on Apr 22 2013 07:43:15 by "buildd" with gcc 4.7.3

time: Mon Jun 24 21:32:45 2013
elapsed time: 0 seconds

