#
# A fatal error has been detected by the Java Runtime Environment:
#
#  Internal Error (javaClasses.cpp:129), pid=3878, tid=140078926391040
#  fatal error: Invalid layout of preloaded class
#
# JRE version: 7.0_21-b02
# Java VM: OpenJDK 64-Bit Server VM (23.7-b01 mixed mode linux-amd64 compressed oops)
# Failed to write core dump. Core dumps have been disabled. To enable core dumping, try "ulimit -c unlimited" before starting Java again
#
# If you would like to submit a bug report, please include
# instructions on how to reproduce the bug and visit:
#   https://bugs.launchpad.net/ubuntu/+source/openjdk-7/
#

---------------  T H R E A D  ---------------

Current thread (0x00007f66a4009000):  JavaThread "Unknown thread" [_thread_in_vm, id=3883, stack(0x00007f66aa95e000,0x00007f66aaa5f000)]

Stack: [0x00007f66aa95e000,0x00007f66aaa5f000],  sp=0x00007f66aaa5d9a0,  free space=1022k
Native frames: (J=compiled Java code, j=interpreted, Vv=VM code, C=native code)
V  [libjvm.so+0x8573eb]  VMError::report_and_die()+0x16b
V  [libjvm.so+0x3ee237]  report_fatal(char const*, int, char const*)+0x57
V  [libjvm.so+0x52b8aa]  compute_offset(int&, klassOopDesc*, Symbol*, Symbol*, bool) [clone .constprop.122]+0x11a
V  [libjvm.so+0x52bb16]  java_lang_String::compute_offsets()+0x36
V  [libjvm.so+0x7e4aed]  SystemDictionary::initialize_preloaded_classes(Thread*)+0x3d
V  [libjvm.so+0x831c68]  Universe::genesis(Thread*)+0x468
V  [libjvm.so+0x83211f]  universe2_init()+0x1f
V  [libjvm.so+0x4e044a]  init_globals()+0x9a
V  [libjvm.so+0x8154fc]  Threads::create_vm(JavaVMInitArgs*, bool*)+0x39c
V  [libjvm.so+0x547df8]  JNI_CreateJavaVM+0x58
C  [libjli.so+0x2b34]  __strcat_chk+0x2b34


---------------  P R O C E S S  ---------------

Java Threads: ( => current thread )

Other Threads:

=>0x00007f66a4009000 (exited) JavaThread "Unknown thread" [_thread_in_vm, id=3883, stack(0x00007f66aa95e000,0x00007f66aaa5f000)]

VM state:not at safepoint (not fully initialized)

VM Mutex/Monitor currently owned by a thread: None

GC Heap History (0 events):
No events

Deoptimization events (0 events):
No events

Internal exceptions (0 events):
No events

Events (10 events):
Event: 0.008 loading class 0x00007f66a4027230 done
Event: 0.009 loading class 0x00007f66a4026ad0 done
Event: 0.009 loading class 0x00007f66a4026aa0
Event: 0.009 loading class 0x00007f66a4051cb0
Event: 0.009 loading class 0x00007f66a4051cb0 done
Event: 0.009 loading class 0x00007f66a4051cf0
Event: 0.009 loading class 0x00007f66a4051cf0 done
Event: 0.009 loading class 0x00007f66a4051d30
Event: 0.009 loading class 0x00007f66a4051d30 done
Event: 0.009 loading class 0x00007f66a4026aa0 done


Dynamic libraries:
00400000-00401000 r-xp 00000000 08:01 2491642                            /usr/lib/jvm/java-7-openjdk-amd64/jre/bin/java
00600000-00601000 r--p 00000000 08:01 2491642                            /usr/lib/jvm/java-7-openjdk-amd64/jre/bin/java
00601000-00602000 rw-p 00001000 08:01 2491642                            /usr/lib/jvm/java-7-openjdk-amd64/jre/bin/java
00f27000-00f48000 rw-p 00000000 00:00 0                                  [heap]
b7e00000-b92c0000 rw-p 00000000 00:00 0 
b92c0000-c2400000 rw-p 00000000 00:00 0 
c2400000-c4d20000 rw-p 00000000 00:00 0 
c4d20000-eb6b0000 rw-p 00000000 00:00 0 
eb6b0000-ecb40000 rw-p 00000000 00:00 0 
ecb40000-100000000 rw-p 00000000 00:00 0 
7f6690000000-7f6690021000 rw-p 00000000 00:00 0 
7f6690021000-7f6694000000 ---p 00000000 00:00 0 
7f6698000000-7f6698021000 rw-p 00000000 00:00 0 
7f6698021000-7f669c000000 ---p 00000000 00:00 0 
7f669d048000-7f669d253000 rw-p 00000000 00:00 0 
7f669d253000-7f669d319000 r--s 0116f000 08:01 5782988                    /home/tomique/Development/android-sdk-linux/platforms/android-17/android.jar
7f669d319000-7f66a002d000 rw-p 00000000 00:00 0 
7f66a002d000-7f66a002e000 ---p 00000000 00:00 0 
7f66a002e000-7f66a012e000 rw-p 00000000 00:00 0                          [stack:3885]
7f66a012e000-7f66a012f000 ---p 00000000 00:00 0 
7f66a012f000-7f66a0244000 rw-p 00000000 00:00 0                          [stack:3884]
7f66a0244000-7f66a0379000 rw-p 00000000 00:00 0 
7f66a0379000-7f66a0384000 rw-p 00000000 00:00 0 
7f66a0384000-7f66a03cc000 rw-p 00000000 00:00 0 
7f66a03cc000-7f66a03e1000 rw-p 00000000 00:00 0 
7f66a03e1000-7f66a0515000 rw-p 00000000 00:00 0 
7f66a0515000-7f66a0520000 rw-p 00000000 00:00 0 
7f66a0520000-7f66a05ba000 rw-p 00000000 00:00 0 
7f66a05ba000-7f66a05bb000 rw-p 00000000 00:00 0 
7f66a05bb000-7f66a082b000 rwxp 00000000 00:00 0 
7f66a082b000-7f66a35bb000 rw-p 00000000 00:00 0 
7f66a35bb000-7f66a35c3000 r-xp 00000000 08:01 2491640                    /usr/lib/jvm/java-7-openjdk-amd64/jre/lib/amd64/libzip.so
7f66a35c3000-7f66a37c2000 ---p 00008000 08:01 2491640                    /usr/lib/jvm/java-7-openjdk-amd64/jre/lib/amd64/libzip.so
7f66a37c2000-7f66a37c3000 r--p 00007000 08:01 2491640                    /usr/lib/jvm/java-7-openjdk-amd64/jre/lib/amd64/libzip.so
7f66a37c3000-7f66a37c4000 rw-p 00008000 08:01 2491640                    /usr/lib/jvm/java-7-openjdk-amd64/jre/lib/amd64/libzip.so
7f66a37c4000-7f66a37d0000 r-xp 00000000 08:01 3018447                    /lib/x86_64-linux-gnu/libnss_files-2.17.so
7f66a37d0000-7f66a39cf000 ---p 0000c000 08:01 3018447                    /lib/x86_64-linux-gnu/libnss_files-2.17.so
7f66a39cf000-7f66a39d0000 r--p 0000b000 08:01 3018447                    /lib/x86_64-linux-gnu/libnss_files-2.17.so
7f66a39d0000-7f66a39d1000 rw-p 0000c000 08:01 3018447                    /lib/x86_64-linux-gnu/libnss_files-2.17.so
7f66a39d1000-7f66a39dc000 r-xp 00000000 08:01 3018451                    /lib/x86_64-linux-gnu/libnss_nis-2.17.so
7f66a39dc000-7f66a3bdb000 ---p 0000b000 08:01 3018451                    /lib/x86_64-linux-gnu/libnss_nis-2.17.so
7f66a3bdb000-7f66a3bdc000 r--p 0000a000 08:01 3018451                    /lib/x86_64-linux-gnu/libnss_nis-2.17.so
7f66a3bdc000-7f66a3bdd000 rw-p 0000b000 08:01 3018451                    /lib/x86_64-linux-gnu/libnss_nis-2.17.so
7f66a3bdd000-7f66a3bf4000 r-xp 00000000 08:01 3018441                    /lib/x86_64-linux-gnu/libnsl-2.17.so
7f66a3bf4000-7f66a3df3000 ---p 00017000 08:01 3018441                    /lib/x86_64-linux-gnu/libnsl-2.17.so
7f66a3df3000-7f66a3df4000 r--p 00016000 08:01 3018441                    /lib/x86_64-linux-gnu/libnsl-2.17.so
7f66a3df4000-7f66a3df5000 rw-p 00017000 08:01 3018441                    /lib/x86_64-linux-gnu/libnsl-2.17.so
7f66a3df5000-7f66a3df7000 rw-p 00000000 00:00 0 
7f66a3df7000-7f66a3dff000 r-xp 00000000 08:01 3018443                    /lib/x86_64-linux-gnu/libnss_compat-2.17.so
7f66a3dff000-7f66a3ffe000 ---p 00008000 08:01 3018443                    /lib/x86_64-linux-gnu/libnss_compat-2.17.so
7f66a3ffe000-7f66a3fff000 r--p 00007000 08:01 3018443                    /lib/x86_64-linux-gnu/libnss_compat-2.17.so
7f66a3fff000-7f66a4000000 rw-p 00008000 08:01 3018443                    /lib/x86_64-linux-gnu/libnss_compat-2.17.so
7f66a4000000-7f66a405c000 rw-p 00000000 00:00 0 
7f66a405c000-7f66a8000000 ---p 00000000 00:00 0 
7f66a8076000-7f66a80df000 rw-p 00000000 00:00 0 
7f66a80df000-7f66a8127000 rw-p 00000000 00:00 0 
7f66a8127000-7f66a8152000 r-xp 00000000 08:01 2491624                    /usr/lib/jvm/java-7-openjdk-amd64/jre/lib/amd64/libjava.so
7f66a8152000-7f66a8351000 ---p 0002b000 08:01 2491624                    /usr/lib/jvm/java-7-openjdk-amd64/jre/lib/amd64/libjava.so
7f66a8351000-7f66a8352000 r--p 0002a000 08:01 2491624                    /usr/lib/jvm/java-7-openjdk-amd64/jre/lib/amd64/libjava.so
7f66a8352000-7f66a8354000 rw-p 0002b000 08:01 2491624                    /usr/lib/jvm/java-7-openjdk-amd64/jre/lib/amd64/libjava.so
7f66a8354000-7f66a8363000 r-xp 00000000 08:01 2491623                    /usr/lib/jvm/java-7-openjdk-amd64/jre/lib/amd64/libverify.so
7f66a8363000-7f66a8562000 ---p 0000f000 08:01 2491623                    /usr/lib/jvm/java-7-openjdk-amd64/jre/lib/amd64/libverify.so
7f66a8562000-7f66a8564000 r--p 0000e000 08:01 2491623                    /usr/lib/jvm/java-7-openjdk-amd64/jre/lib/amd64/libverify.so
7f66a8564000-7f66a8565000 rw-p 00010000 08:01 2491623                    /usr/lib/jvm/java-7-openjdk-amd64/jre/lib/amd64/libverify.so
7f66a8565000-7f66a856c000 r-xp 00000000 08:01 3018494                    /lib/x86_64-linux-gnu/librt-2.17.so
7f66a856c000-7f66a876b000 ---p 00007000 08:01 3018494                    /lib/x86_64-linux-gnu/librt-2.17.so
7f66a876b000-7f66a876c000 r--p 00006000 08:01 3018494                    /lib/x86_64-linux-gnu/librt-2.17.so
7f66a876c000-7f66a876d000 rw-p 00007000 08:01 3018494                    /lib/x86_64-linux-gnu/librt-2.17.so
7f66a876d000-7f66a8781000 r-xp 00000000 08:01 3018399                    /lib/x86_64-linux-gnu/libgcc_s.so.1
7f66a8781000-7f66a8981000 ---p 00014000 08:01 3018399                    /lib/x86_64-linux-gnu/libgcc_s.so.1
7f66a8981000-7f66a8982000 r--p 00014000 08:01 3018399                    /lib/x86_64-linux-gnu/libgcc_s.so.1
7f66a8982000-7f66a8983000 rw-p 00015000 08:01 3018399                    /lib/x86_64-linux-gnu/libgcc_s.so.1
7f66a8983000-7f66a8a86000 r-xp 00000000 08:01 3018422                    /lib/x86_64-linux-gnu/libm-2.17.so
7f66a8a86000-7f66a8c86000 ---p 00103000 08:01 3018422                    /lib/x86_64-linux-gnu/libm-2.17.so
7f66a8c86000-7f66a8c87000 r--p 00103000 08:01 3018422                    /lib/x86_64-linux-gnu/libm-2.17.so
7f66a8c87000-7f66a8c88000 rw-p 00104000 08:01 3018422                    /lib/x86_64-linux-gnu/libm-2.17.so
7f66a8c88000-7f66a8d6d000 r-xp 00000000 08:01 663354                     /usr/lib/x86_64-linux-gnu/libstdc++.so.6.0.17
7f66a8d6d000-7f66a8f6c000 ---p 000e5000 08:01 663354                     /usr/lib/x86_64-linux-gnu/libstdc++.so.6.0.17
7f66a8f6c000-7f66a8f74000 r--p 000e4000 08:01 663354                     /usr/lib/x86_64-linux-gnu/libstdc++.so.6.0.17
7f66a8f74000-7f66a8f76000 rw-p 000ec000 08:01 663354                     /usr/lib/x86_64-linux-gnu/libstdc++.so.6.0.17
7f66a8f76000-7f66a8f8b000 rw-p 00000000 00:00 0 
7f66a8f8b000-7f66a9986000 r-xp 00000000 08:01 2491629                    /usr/lib/jvm/java-7-openjdk-amd64/jre/lib/amd64/server/libjvm.so
7f66a9986000-7f66a9b85000 ---p 009fb000 08:01 2491629                    /usr/lib/jvm/java-7-openjdk-amd64/jre/lib/amd64/server/libjvm.so
7f66a9b85000-7f66a9c04000 r--p 009fa000 08:01 2491629                    /usr/lib/jvm/java-7-openjdk-amd64/jre/lib/amd64/server/libjvm.so
7f66a9c04000-7f66a9c27000 rw-p 00a79000 08:01 2491629                    /usr/lib/jvm/java-7-openjdk-amd64/jre/lib/amd64/server/libjvm.so
7f66a9c27000-7f66a9c52000 rw-p 00000000 00:00 0 
7f66a9c52000-7f66a9c68000 r-xp 00000000 08:01 3018527                    /lib/x86_64-linux-gnu/libz.so.1.2.7
7f66a9c68000-7f66a9e67000 ---p 00016000 08:01 3018527                    /lib/x86_64-linux-gnu/libz.so.1.2.7
7f66a9e67000-7f66a9e68000 r--p 00015000 08:01 3018527                    /lib/x86_64-linux-gnu/libz.so.1.2.7
7f66a9e68000-7f66a9e69000 rw-p 00016000 08:01 3018527                    /lib/x86_64-linux-gnu/libz.so.1.2.7
7f66a9e69000-7f66a9e81000 r-xp 00000000 08:01 3018486                    /lib/x86_64-linux-gnu/libpthread-2.17.so
7f66a9e81000-7f66aa080000 ---p 00018000 08:01 3018486                    /lib/x86_64-linux-gnu/libpthread-2.17.so
7f66aa080000-7f66aa081000 r--p 00017000 08:01 3018486                    /lib/x86_64-linux-gnu/libpthread-2.17.so
7f66aa081000-7f66aa082000 rw-p 00018000 08:01 3018486                    /lib/x86_64-linux-gnu/libpthread-2.17.so
7f66aa082000-7f66aa086000 rw-p 00000000 00:00 0 
7f66aa086000-7f66aa089000 r-xp 00000000 08:01 3018389                    /lib/x86_64-linux-gnu/libdl-2.17.so
7f66aa089000-7f66aa288000 ---p 00003000 08:01 3018389                    /lib/x86_64-linux-gnu/libdl-2.17.so
7f66aa288000-7f66aa289000 r--p 00002000 08:01 3018389                    /lib/x86_64-linux-gnu/libdl-2.17.so
7f66aa289000-7f66aa28a000 rw-p 00003000 08:01 3018389                    /lib/x86_64-linux-gnu/libdl-2.17.so
7f66aa28a000-7f66aa448000 r-xp 00000000 08:01 3018374                    /lib/x86_64-linux-gnu/libc-2.17.so
7f66aa448000-7f66aa647000 ---p 001be000 08:01 3018374                    /lib/x86_64-linux-gnu/libc-2.17.so
7f66aa647000-7f66aa64b000 r--p 001bd000 08:01 3018374                    /lib/x86_64-linux-gnu/libc-2.17.so
7f66aa64b000-7f66aa64d000 rw-p 001c1000 08:01 3018374                    /lib/x86_64-linux-gnu/libc-2.17.so
7f66aa64d000-7f66aa652000 rw-p 00000000 00:00 0 
7f66aa652000-7f66aa65f000 r-xp 00000000 08:01 2491606                    /usr/lib/jvm/java-7-openjdk-amd64/jre/lib/amd64/jli/libjli.so
7f66aa65f000-7f66aa85e000 ---p 0000d000 08:01 2491606                    /usr/lib/jvm/java-7-openjdk-amd64/jre/lib/amd64/jli/libjli.so
7f66aa85e000-7f66aa85f000 r--p 0000c000 08:01 2491606                    /usr/lib/jvm/java-7-openjdk-amd64/jre/lib/amd64/jli/libjli.so
7f66aa85f000-7f66aa860000 rw-p 0000d000 08:01 2491606                    /usr/lib/jvm/java-7-openjdk-amd64/jre/lib/amd64/jli/libjli.so
7f66aa860000-7f66aa883000 r-xp 00000000 08:01 3018350                    /lib/x86_64-linux-gnu/ld-2.17.so
7f66aa89e000-7f66aa8a8000 rw-p 00000000 00:00 0 
7f66aa8a8000-7f66aa95e000 rw-p 00000000 00:00 0 
7f66aa95e000-7f66aa961000 ---p 00000000 00:00 0 
7f66aa961000-7f66aaa64000 rw-p 00000000 00:00 0                          [stack:3883]
7f66aaa74000-7f66aaa76000 rw-p 00000000 00:00 0 
7f66aaa76000-7f66aaa7e000 rw-s 00000000 08:01 1705286                    /tmp/hsperfdata_tomique/3878
7f66aaa7e000-7f66aaa7f000 rw-p 00000000 00:00 0 
7f66aaa7f000-7f66aaa80000 r--p 00000000 00:00 0 
7f66aaa80000-7f66aaa82000 rw-p 00000000 00:00 0 
7f66aaa82000-7f66aaa83000 r--p 00022000 08:01 3018350                    /lib/x86_64-linux-gnu/ld-2.17.so
7f66aaa83000-7f66aaa85000 rw-p 00023000 08:01 3018350                    /lib/x86_64-linux-gnu/ld-2.17.so
7fffd52c7000-7fffd52e8000 rw-p 00000000 00:00 0                          [stack]
7fffd52fd000-7fffd52ff000 r-xp 00000000 00:00 0                          [vdso]
ffffffffff600000-ffffffffff601000 r-xp 00000000 00:00 0                  [vsyscall]

VM Arguments:
jvm_args: -Dfile.encoding=UTF-8 -Xbootclasspath:/home/tomique/Development/android-sdk-linux/platforms/android-17/android.jar 
java_command: com.example.networking.AndroidClient
Launcher Type: SUN_STANDARD

Environment Variables:
PATH=/usr/lib/lightdm/lightdm:/usr/local/sbin:/usr/local/bin:/usr/sbin:/usr/bin:/sbin:/bin:/usr/games:/usr/local/games:/opt/android-sdk-linux/tools:/opt/android-sdk-linux/platform-tools
SHELL=/bin/bash
DISPLAY=:0

Signal Handlers:
SIGSEGV: [libjvm.so+0x857ed0], sa_mask[0]=0x7ffbfeff, sa_flags=0x10000004
SIGBUS: [libjvm.so+0x857ed0], sa_mask[0]=0x7ffbfeff, sa_flags=0x10000004
SIGFPE: [libjvm.so+0x6f8ab0], sa_mask[0]=0x7ffbfeff, sa_flags=0x10000004
SIGPIPE: [libjvm.so+0x6f8ab0], sa_mask[0]=0x7ffbfeff, sa_flags=0x10000004
SIGXFSZ: [libjvm.so+0x6f8ab0], sa_mask[0]=0x7ffbfeff, sa_flags=0x10000004
SIGILL: [libjvm.so+0x6f8ab0], sa_mask[0]=0x7ffbfeff, sa_flags=0x10000004
SIGUSR1: SIG_DFL, sa_mask[0]=0x00000000, sa_flags=0x00000000
SIGUSR2: [libjvm.so+0x6f8e80], sa_mask[0]=0x00000004, sa_flags=0x10000004
SIGHUP: SIG_DFL, sa_mask[0]=0x00000000, sa_flags=0x00000000
SIGINT: SIG_DFL, sa_mask[0]=0x00000000, sa_flags=0x00000000
SIGTERM: SIG_DFL, sa_mask[0]=0x00000000, sa_flags=0x00000000
SIGQUIT: SIG_DFL, sa_mask[0]=0x00000000, sa_flags=0x00000000


---------------  S Y S T E M  ---------------

OS:Ubuntu 13.04 (raring)
uname:Linux 3.8.0-25-generic #37-Ubuntu SMP Thu Jun 6 20:47:07 UTC 2013 x86_64
libc:glibc 2.17 NPTL 2.17 
rlimit: STACK 8192k, CORE 0k, NPROC 31410, NOFILE 4096, AS infinity
load average:0.64 0.61 0.46

/proc/meminfo:
MemTotal:        4039600 kB
MemFree:         1336496 kB
Buffers:           71368 kB
Cached:          1143276 kB
SwapCached:            0 kB
Active:          1536032 kB
Inactive:         995468 kB
Active(anon):    1318000 kB
Inactive(anon):   418040 kB
Active(file):     218032 kB
Inactive(file):   577428 kB
Unevictable:          64 kB
Mlocked:              64 kB
SwapTotal:       4183036 kB
SwapFree:        4183036 kB
Dirty:               128 kB
Writeback:             0 kB
AnonPages:       1317008 kB
Mapped:           233664 kB
Shmem:            419116 kB
Slab:              78068 kB
SReclaimable:      48900 kB
SUnreclaim:        29168 kB
KernelStack:        4568 kB
PageTables:        41676 kB
NFS_Unstable:          0 kB
Bounce:                0 kB
WritebackTmp:          0 kB
CommitLimit:     6202836 kB
Committed_AS:    5731220 kB
VmallocTotal:   34359738367 kB
VmallocUsed:      347632 kB
VmallocChunk:   34359386896 kB
HardwareCorrupted:     0 kB
AnonHugePages:         0 kB
HugePages_Total:       0
HugePages_Free:        0
HugePages_Rsvd:        0
HugePages_Surp:        0
Hugepagesize:       2048 kB
DirectMap4k:       41320 kB
DirectMap2M:     4143104 kB


CPU:total 2 (2 cores per cpu, 1 threads per core) family 6 model 15 stepping 10, cmov, cx8, fxsr, mmx, sse, sse2, sse3, ssse3, tsc

/proc/cpuinfo:
processor	: 0
vendor_id	: GenuineIntel
cpu family	: 6
model		: 15
model name	: Intel(R) Core(TM)2 Duo CPU     T7300  @ 2.00GHz
stepping	: 10
microcode	: 0x92
cpu MHz		: 2001.000
cache size	: 4096 KB
physical id	: 0
siblings	: 2
core id		: 0
cpu cores	: 2
apicid		: 0
initial apicid	: 0
fpu		: yes
fpu_exception	: yes
cpuid level	: 10
wp		: yes
flags		: fpu vme de pse tsc msr pae mce cx8 apic sep mtrr pge mca cmov pat pse36 clflush dts acpi mmx fxsr sse sse2 ss ht tm pbe syscall nx lm constant_tsc arch_perfmon pebs bts rep_good nopl aperfmperf pni dtes64 monitor ds_cpl vmx est tm2 ssse3 cx16 xtpr pdcm lahf_lm ida dtherm tpr_shadow vnmi flexpriority
bogomips	: 3988.92
clflush size	: 64
cache_alignment	: 64
address sizes	: 36 bits physical, 48 bits virtual
power management:

processor	: 1
vendor_id	: GenuineIntel
cpu family	: 6
model		: 15
model name	: Intel(R) Core(TM)2 Duo CPU     T7300  @ 2.00GHz
stepping	: 10
microcode	: 0x92
cpu MHz		: 2001.000
cache size	: 4096 KB
physical id	: 0
siblings	: 2
core id		: 1
cpu cores	: 2
apicid		: 1
initial apicid	: 1
fpu		: yes
fpu_exception	: yes
cpuid level	: 10
wp		: yes
flags		: fpu vme de pse tsc msr pae mce cx8 apic sep mtrr pge mca cmov pat pse36 clflush dts acpi mmx fxsr sse sse2 ss ht tm pbe syscall nx lm constant_tsc arch_perfmon pebs bts rep_good nopl aperfmperf pni dtes64 monitor ds_cpl vmx est tm2 ssse3 cx16 xtpr pdcm lahf_lm ida dtherm tpr_shadow vnmi flexpriority
bogomips	: 3988.92
clflush size	: 64
cache_alignment	: 64
address sizes	: 36 bits physical, 48 bits virtual
power management:



Memory: 4k page, physical 4039600k(1336496k free), swap 4183036k(4183036k free)

vm_info: OpenJDK 64-Bit Server VM (23.7-b01) for linux-amd64 JRE (1.7.0_21-b02), built on Apr 22 2013 07:43:15 by "buildd" with gcc 4.7.3

time: Mon Jun 24 21:32:04 2013
elapsed time: 0 seconds

